2025-12-06 11:05:19.2710  

==========================================================================
 
  ███████╗ █████╗ ███╗   ██╗████████╗ █████╗  ██████╗ ██╗   ██╗
  ██╔════╝██╔══██╗████╗  ██║╚══██╔══╝██╔══██╗██╔════╝ ╚██╗ ██╔╝
  █████╗  ███████║██╔██╗ ██║   ██║   ███████║╚█████╗   ╚████╔╝ 
  ██╔══╝  ██╔══██║██║╚██╗██║   ██║   ██╔══██║╚════██║   ╚██╔╝  
  ██║     ██║  ██║██║ ╚████║   ██║   ██║  ██║██████╔╝    ██║   
  ╚═╝     ╚═╝  ╚═╝╚═╝  ╚═══╝   ╚═╝   ╚═╝  ╚═╝╚═════╝     ╚═╝   
                                                            
 Version : Fantasy 2025.2.1408 Official version
==========================================================================

2025-12-06 11:05:21.0577  Current inner network protocol:TCP
2025-12-06 11:05:21.0577  Max Message Size(byte):1048560
2025-12-06 11:05:21.0577  Current session idle timeout:8000
2025-12-06 11:05:21.0577  Session-check interval:5000 
2025-12-06 11:05:29.4404  SceneConfigId = 1001 networkTarget = Inner TCPServer Listen 127.0.0.1:11002
2025-12-06 11:05:31.5223  SceneConfigId = 1001 networkTarget = Outer KCPServer Listen 127.0.0.1:20000
2025-12-06 11:05:31.5243  Process:1 Startup Complete SceneCount:1
2025-12-06 11:08:24.3435  

==========================================================================
 
  ███████╗ █████╗ ███╗   ██╗████████╗ █████╗  ██████╗ ██╗   ██╗
  ██╔════╝██╔══██╗████╗  ██║╚══██╔══╝██╔══██╗██╔════╝ ╚██╗ ██╔╝
  █████╗  ███████║██╔██╗ ██║   ██║   ███████║╚█████╗   ╚████╔╝ 
  ██╔══╝  ██╔══██║██║╚██╗██║   ██║   ██╔══██║╚════██║   ╚██╔╝  
  ██║     ██║  ██║██║ ╚████║   ██║   ██║  ██║██████╔╝    ██║   
  ╚═╝     ╚═╝  ╚═╝╚═╝  ╚═══╝   ╚═╝   ╚═╝  ╚═╝╚═════╝     ╚═╝   
                                                            
 Version : Fantasy 2025.2.1408 Official version
==========================================================================

2025-12-06 11:08:24.9403  Current inner network protocol:TCP
2025-12-06 11:08:24.9403  Max Message Size(byte):1048560
2025-12-06 11:08:24.9403  Current session idle timeout:8000
2025-12-06 11:08:24.9403  Session-check interval:5000 
2025-12-06 11:08:27.9744  SceneConfigId = 1001 networkTarget = Inner TCPServer Listen 127.0.0.1:11002
2025-12-06 11:08:28.9486  SceneConfigId = 1001 networkTarget = Outer KCPServer Listen 127.0.0.1:20000
2025-12-06 11:08:28.9486  Process:1 Startup Complete SceneCount:1
