2025-12-15 14:28:19.0550  

==========================================================================
 
  ███████╗ █████╗ ███╗   ██╗████████╗ █████╗  ██████╗ ██╗   ██╗
  ██╔════╝██╔══██╗████╗  ██║╚══██╔══╝██╔══██╗██╔════╝ ╚██╗ ██╔╝
  █████╗  ███████║██╔██╗ ██║   ██║   ███████║╚█████╗   ╚████╔╝ 
  ██╔══╝  ██╔══██║██║╚██╗██║   ██║   ██╔══██║╚════██║   ╚██╔╝  
  ██║     ██║  ██║██║ ╚████║   ██║   ██║  ██║██████╔╝    ██║   
  ╚═╝     ╚═╝  ╚═╝╚═╝  ╚═══╝   ╚═╝   ╚═╝  ╚═╝╚═════╝     ╚═╝   
                                                            
 Version : Fantasy 2025.2.1410 Official version
==========================================================================

2025-12-15 14:28:19.0827  Current inner network protocol:TCP
2025-12-15 14:28:19.0827  Max Message Size(byte):1048560
2025-12-15 14:28:19.0827  Current session idle timeout:8000
2025-12-15 14:28:19.0827  Session-check interval:5000 
2025-12-15 14:28:19.4240  SceneConfigId = 1001 networkTarget = Inner TCPServer Listen 127.0.0.1:11002
2025-12-15 14:28:19.5662  SceneConfigId = 1001 networkTarget = Outer KCPServer Listen 192.168.31.193:20000
2025-12-15 14:28:19.5662  Process:1 Startup Complete SceneCount:1
2025-12-15 14:31:41.6640  

==========================================================================
 
  ███████╗ █████╗ ███╗   ██╗████████╗ █████╗  ██████╗ ██╗   ██╗
  ██╔════╝██╔══██╗████╗  ██║╚══██╔══╝██╔══██╗██╔════╝ ╚██╗ ██╔╝
  █████╗  ███████║██╔██╗ ██║   ██║   ███████║╚█████╗   ╚████╔╝ 
  ██╔══╝  ██╔══██║██║╚██╗██║   ██║   ██╔══██║╚════██║   ╚██╔╝  
  ██║     ██║  ██║██║ ╚████║   ██║   ██║  ██║██████╔╝    ██║   
  ╚═╝     ╚═╝  ╚═╝╚═╝  ╚═══╝   ╚═╝   ╚═╝  ╚═╝╚═════╝     ╚═╝   
                                                            
 Version : Fantasy 2025.2.1410 Official version
==========================================================================

2025-12-15 14:31:41.6965  Current inner network protocol:TCP
2025-12-15 14:31:41.6965  Max Message Size(byte):1048560
2025-12-15 14:31:41.6965  Current session idle timeout:8000
2025-12-15 14:31:41.6965  Session-check interval:5000 
2025-12-15 14:31:42.0426  SceneConfigId = 1001 networkTarget = Inner TCPServer Listen 127.0.0.1:11002
2025-12-15 14:31:42.1860  SceneConfigId = 1001 networkTarget = Outer KCPServer Listen 192.168.31.193:20000
2025-12-15 14:31:42.1860  Process:1 Startup Complete SceneCount:1
