2025-12-15 12:00:38.3245  

==========================================================================
 
  ███████╗ █████╗ ███╗   ██╗████████╗ █████╗  ██████╗ ██╗   ██╗
  ██╔════╝██╔══██╗████╗  ██║╚══██╔══╝██╔══██╗██╔════╝ ╚██╗ ██╔╝
  █████╗  ███████║██╔██╗ ██║   ██║   ███████║╚█████╗   ╚████╔╝ 
  ██╔══╝  ██╔══██║██║╚██╗██║   ██║   ██╔══██║╚════██║   ╚██╔╝  
  ██║     ██║  ██║██║ ╚████║   ██║   ██║  ██║██████╔╝    ██║   
  ╚═╝     ╚═╝  ╚═╝╚═╝  ╚═══╝   ╚═╝   ╚═╝  ╚═╝╚═════╝     ╚═╝   
                                                            
 Version : Fantasy 2025.2.1410 Official version
==========================================================================

2025-12-15 12:00:38.3884  Current inner network protocol:TCP
2025-12-15 12:00:38.3884  Max Message Size(byte):1048560
2025-12-15 12:00:38.3884  Current session idle timeout:8000
2025-12-15 12:00:38.3884  Session-check interval:5000 
2025-12-15 12:00:39.0720  SceneConfigId = 1001 networkTarget = Inner TCPServer Listen 127.0.0.1:11002
2025-12-15 12:00:39.3027  SceneConfigId = 1001 networkTarget = Outer KCPServer Listen 192.168.31.193:20000
2025-12-15 12:00:39.3027  Process:1 Startup Complete SceneCount:1
2025-12-15 12:12:50.4462  

==========================================================================
 
  ███████╗ █████╗ ███╗   ██╗████████╗ █████╗  ██████╗ ██╗   ██╗
  ██╔════╝██╔══██╗████╗  ██║╚══██╔══╝██╔══██╗██╔════╝ ╚██╗ ██╔╝
  █████╗  ███████║██╔██╗ ██║   ██║   ███████║╚█████╗   ╚████╔╝ 
  ██╔══╝  ██╔══██║██║╚██╗██║   ██║   ██╔══██║╚════██║   ╚██╔╝  
  ██║     ██║  ██║██║ ╚████║   ██║   ██║  ██║██████╔╝    ██║   
  ╚═╝     ╚═╝  ╚═╝╚═╝  ╚═══╝   ╚═╝   ╚═╝  ╚═╝╚═════╝     ╚═╝   
                                                            
 Version : Fantasy 2025.2.1410 Official version
==========================================================================

2025-12-15 12:12:50.4809  Current inner network protocol:TCP
2025-12-15 12:12:50.4809  Max Message Size(byte):1048560
2025-12-15 12:12:50.4809  Current session idle timeout:8000
2025-12-15 12:12:50.4809  Session-check interval:5000 
2025-12-15 12:12:50.8662  SceneConfigId = 1001 networkTarget = Inner TCPServer Listen 127.0.0.1:11002
2025-12-15 12:12:51.0267  SceneConfigId = 1001 networkTarget = Outer KCPServer Listen 192.168.31.193:20000
2025-12-15 12:12:51.0267  Process:1 Startup Complete SceneCount:1
2025-12-15 12:27:30.7748  

==========================================================================
 
  ███████╗ █████╗ ███╗   ██╗████████╗ █████╗  ██████╗ ██╗   ██╗
  ██╔════╝██╔══██╗████╗  ██║╚══██╔══╝██╔══██╗██╔════╝ ╚██╗ ██╔╝
  █████╗  ███████║██╔██╗ ██║   ██║   ███████║╚█████╗   ╚████╔╝ 
  ██╔══╝  ██╔══██║██║╚██╗██║   ██║   ██╔══██║╚════██║   ╚██╔╝  
  ██║     ██║  ██║██║ ╚████║   ██║   ██║  ██║██████╔╝    ██║   
  ╚═╝     ╚═╝  ╚═╝╚═╝  ╚═══╝   ╚═╝   ╚═╝  ╚═╝╚═════╝     ╚═╝   
                                                            
 Version : Fantasy 2025.2.1410 Official version
==========================================================================

2025-12-15 12:27:30.8079  Current inner network protocol:TCP
2025-12-15 12:27:30.8079  Max Message Size(byte):1048560
2025-12-15 12:27:30.8079  Current session idle timeout:8000
2025-12-15 12:27:30.8079  Session-check interval:5000 
2025-12-15 12:27:31.2612  SceneConfigId = 1001 networkTarget = Inner TCPServer Listen 127.0.0.1:11002
2025-12-15 12:27:31.4879  SceneConfigId = 1001 networkTarget = Outer KCPServer Listen 192.168.31.193:20000
2025-12-15 12:27:31.4879  Process:1 Startup Complete SceneCount:1
2025-12-15 12:33:57.5945  

==========================================================================
 
  ███████╗ █████╗ ███╗   ██╗████████╗ █████╗  ██████╗ ██╗   ██╗
  ██╔════╝██╔══██╗████╗  ██║╚══██╔══╝██╔══██╗██╔════╝ ╚██╗ ██╔╝
  █████╗  ███████║██╔██╗ ██║   ██║   ███████║╚█████╗   ╚████╔╝ 
  ██╔══╝  ██╔══██║██║╚██╗██║   ██║   ██╔══██║╚════██║   ╚██╔╝  
  ██║     ██║  ██║██║ ╚████║   ██║   ██║  ██║██████╔╝    ██║   
  ╚═╝     ╚═╝  ╚═╝╚═╝  ╚═══╝   ╚═╝   ╚═╝  ╚═╝╚═════╝     ╚═╝   
                                                            
 Version : Fantasy 2025.2.1410 Official version
==========================================================================

2025-12-15 12:33:57.6226  Current inner network protocol:TCP
2025-12-15 12:33:57.6226  Max Message Size(byte):1048560
2025-12-15 12:33:57.6226  Current session idle timeout:8000
2025-12-15 12:33:57.6226  Session-check interval:5000 
2025-12-15 12:33:57.9704  SceneConfigId = 1001 networkTarget = Inner TCPServer Listen 127.0.0.1:11002
2025-12-15 12:33:58.1108  SceneConfigId = 1001 networkTarget = Outer KCPServer Listen 192.168.31.193:20000
2025-12-15 12:33:58.1108  Process:1 Startup Complete SceneCount:1
2025-12-15 12:42:10.8550  

==========================================================================
 
  ███████╗ █████╗ ███╗   ██╗████████╗ █████╗  ██████╗ ██╗   ██╗
  ██╔════╝██╔══██╗████╗  ██║╚══██╔══╝██╔══██╗██╔════╝ ╚██╗ ██╔╝
  █████╗  ███████║██╔██╗ ██║   ██║   ███████║╚█████╗   ╚████╔╝ 
  ██╔══╝  ██╔══██║██║╚██╗██║   ██║   ██╔══██║╚════██║   ╚██╔╝  
  ██║     ██║  ██║██║ ╚████║   ██║   ██║  ██║██████╔╝    ██║   
  ╚═╝     ╚═╝  ╚═╝╚═╝  ╚═══╝   ╚═╝   ╚═╝  ╚═╝╚═════╝     ╚═╝   
                                                            
 Version : Fantasy 2025.2.1410 Official version
==========================================================================

2025-12-15 12:42:10.8925  Current inner network protocol:TCP
2025-12-15 12:42:10.8925  Max Message Size(byte):1048560
2025-12-15 12:42:10.8925  Current session idle timeout:8000
2025-12-15 12:42:10.8925  Session-check interval:5000 
2025-12-15 12:42:11.2270  SceneConfigId = 1001 networkTarget = Inner TCPServer Listen 127.0.0.1:11002
2025-12-15 12:42:11.3663  SceneConfigId = 1001 networkTarget = Outer KCPServer Listen 192.168.31.193:20000
2025-12-15 12:42:11.3663  Process:1 Startup Complete SceneCount:1
