2025-12-15 13:47:22.1970  

==========================================================================
 
  ███████╗ █████╗ ███╗   ██╗████████╗ █████╗  ██████╗ ██╗   ██╗
  ██╔════╝██╔══██╗████╗  ██║╚══██╔══╝██╔══██╗██╔════╝ ╚██╗ ██╔╝
  █████╗  ███████║██╔██╗ ██║   ██║   ███████║╚█████╗   ╚████╔╝ 
  ██╔══╝  ██╔══██║██║╚██╗██║   ██║   ██╔══██║╚════██║   ╚██╔╝  
  ██║     ██║  ██║██║ ╚████║   ██║   ██║  ██║██████╔╝    ██║   
  ╚═╝     ╚═╝  ╚═╝╚═╝  ╚═══╝   ╚═╝   ╚═╝  ╚═╝╚═════╝     ╚═╝   
                                                            
 Version : Fantasy 2025.2.1410 Official version
==========================================================================

2025-12-15 13:47:22.2664  Current inner network protocol:TCP
2025-12-15 13:47:22.2664  Max Message Size(byte):1048560
2025-12-15 13:47:22.2664  Current session idle timeout:8000
2025-12-15 13:47:22.2664  Session-check interval:5000 
2025-12-15 13:47:22.9113  SceneConfigId = 1001 networkTarget = Inner TCPServer Listen 127.0.0.1:11002
2025-12-15 13:47:23.1247  SceneConfigId = 1001 networkTarget = Outer KCPServer Listen 192.168.31.193:20000
2025-12-15 13:47:23.1247  Process:1 Startup Complete SceneCount:1
2025-12-15 13:50:27.6025  

==========================================================================
 
  ███████╗ █████╗ ███╗   ██╗████████╗ █████╗  ██████╗ ██╗   ██╗
  ██╔════╝██╔══██╗████╗  ██║╚══██╔══╝██╔══██╗██╔════╝ ╚██╗ ██╔╝
  █████╗  ███████║██╔██╗ ██║   ██║   ███████║╚█████╗   ╚████╔╝ 
  ██╔══╝  ██╔══██║██║╚██╗██║   ██║   ██╔══██║╚════██║   ╚██╔╝  
  ██║     ██║  ██║██║ ╚████║   ██║   ██║  ██║██████╔╝    ██║   
  ╚═╝     ╚═╝  ╚═╝╚═╝  ╚═══╝   ╚═╝   ╚═╝  ╚═╝╚═════╝     ╚═╝   
                                                            
 Version : Fantasy 2025.2.1410 Official version
==========================================================================

2025-12-15 13:50:27.6324  Current inner network protocol:TCP
2025-12-15 13:50:27.6324  Max Message Size(byte):1048560
2025-12-15 13:50:27.6324  Current session idle timeout:8000
2025-12-15 13:50:27.6324  Session-check interval:5000 
2025-12-15 13:50:27.9978  SceneConfigId = 1001 networkTarget = Inner TCPServer Listen 127.0.0.1:11002
2025-12-15 13:50:28.1419  SceneConfigId = 1001 networkTarget = Outer KCPServer Listen 192.168.31.193:20000
2025-12-15 13:50:28.1419  Process:1 Startup Complete SceneCount:1
