2025-12-09 19:31:36.5216  

==========================================================================
 
  ███████╗ █████╗ ███╗   ██╗████████╗ █████╗  ██████╗ ██╗   ██╗
  ██╔════╝██╔══██╗████╗  ██║╚══██╔══╝██╔══██╗██╔════╝ ╚██╗ ██╔╝
  █████╗  ███████║██╔██╗ ██║   ██║   ███████║╚█████╗   ╚████╔╝ 
  ██╔══╝  ██╔══██║██║╚██╗██║   ██║   ██╔══██║╚════██║   ╚██╔╝  
  ██║     ██║  ██║██║ ╚████║   ██║   ██║  ██║██████╔╝    ██║   
  ╚═╝     ╚═╝  ╚═╝╚═╝  ╚═══╝   ╚═╝   ╚═╝  ╚═╝╚═════╝     ╚═╝   
                                                            
 Version : Fantasy 2025.2.1408 Official version
==========================================================================

2025-12-09 19:31:36.6363  Current inner network protocol:TCP
2025-12-09 19:31:36.6363  Max Message Size(byte):1048560
2025-12-09 19:31:36.6363  Current session idle timeout:8000
2025-12-09 19:31:36.6363  Session-check interval:5000 
2025-12-09 19:31:37.8124  SceneConfigId = 1001 networkTarget = Inner TCPServer Listen 127.0.0.1:11002
2025-12-09 19:31:38.3650  SceneConfigId = 1001 networkTarget = Outer TCPServer Listen 127.0.0.1:20000
2025-12-09 19:31:38.3650  Process:1 Startup Complete SceneCount:1
2025-12-09 19:53:08.1486  

==========================================================================
 
  ███████╗ █████╗ ███╗   ██╗████████╗ █████╗  ██████╗ ██╗   ██╗
  ██╔════╝██╔══██╗████╗  ██║╚══██╔══╝██╔══██╗██╔════╝ ╚██╗ ██╔╝
  █████╗  ███████║██╔██╗ ██║   ██║   ███████║╚█████╗   ╚████╔╝ 
  ██╔══╝  ██╔══██║██║╚██╗██║   ██║   ██╔══██║╚════██║   ╚██╔╝  
  ██║     ██║  ██║██║ ╚████║   ██║   ██║  ██║██████╔╝    ██║   
  ╚═╝     ╚═╝  ╚═╝╚═╝  ╚═══╝   ╚═╝   ╚═╝  ╚═╝╚═════╝     ╚═╝   
                                                            
 Version : Fantasy 2025.2.1408 Official version
==========================================================================

2025-12-09 19:53:08.4077  Current inner network protocol:TCP
2025-12-09 19:53:08.4077  Max Message Size(byte):1048560
2025-12-09 19:53:08.4077  Current session idle timeout:8000
2025-12-09 19:53:08.4077  Session-check interval:5000 
2025-12-09 19:53:13.3244  SceneConfigId = 1001 networkTarget = Inner TCPServer Listen 127.0.0.1:11002
2025-12-09 19:53:14.2655  SceneConfigId = 1001 networkTarget = Outer TCPServer Listen 127.0.0.1:20000
2025-12-09 19:53:14.2655  Process:1 Startup Complete SceneCount:1
