2025-12-09 15:04:41.6689  

==========================================================================
 
  ███████╗ █████╗ ███╗   ██╗████████╗ █████╗  ██████╗ ██╗   ██╗
  ██╔════╝██╔══██╗████╗  ██║╚══██╔══╝██╔══██╗██╔════╝ ╚██╗ ██╔╝
  █████╗  ███████║██╔██╗ ██║   ██║   ███████║╚█████╗   ╚████╔╝ 
  ██╔══╝  ██╔══██║██║╚██╗██║   ██║   ██╔══██║╚════██║   ╚██╔╝  
  ██║     ██║  ██║██║ ╚████║   ██║   ██║  ██║██████╔╝    ██║   
  ╚═╝     ╚═╝  ╚═╝╚═╝  ╚═══╝   ╚═╝   ╚═╝  ╚═╝╚═════╝     ╚═╝   
                                                            
 Version : Fantasy 2025.2.1408 Official version
==========================================================================

2025-12-09 15:04:41.9246  Current inner network protocol:TCP
2025-12-09 15:04:41.9246  Max Message Size(byte):1048560
2025-12-09 15:04:41.9246  Current session idle timeout:8000
2025-12-09 15:04:41.9246  Session-check interval:5000 
2025-12-09 15:04:43.5097  SceneConfigId = 1001 networkTarget = Inner TCPServer Listen 127.0.0.1:11002
2025-12-09 15:04:44.3247  SceneConfigId = 1001 networkTarget = Outer KCPServer Listen 127.0.0.1:20000
2025-12-09 15:04:44.3247  Process:1 Startup Complete SceneCount:1
2025-12-09 15:12:29.2546  

==========================================================================
 
  ███████╗ █████╗ ███╗   ██╗████████╗ █████╗  ██████╗ ██╗   ██╗
  ██╔════╝██╔══██╗████╗  ██║╚══██╔══╝██╔══██╗██╔════╝ ╚██╗ ██╔╝
  █████╗  ███████║██╔██╗ ██║   ██║   ███████║╚█████╗   ╚████╔╝ 
  ██╔══╝  ██╔══██║██║╚██╗██║   ██║   ██╔══██║╚════██║   ╚██╔╝  
  ██║     ██║  ██║██║ ╚████║   ██║   ██║  ██║██████╔╝    ██║   
  ╚═╝     ╚═╝  ╚═╝╚═╝  ╚═══╝   ╚═╝   ╚═╝  ╚═╝╚═════╝     ╚═╝   
                                                            
 Version : Fantasy 2025.2.1408 Official version
==========================================================================

2025-12-09 15:12:29.4385  Current inner network protocol:TCP
2025-12-09 15:12:29.4385  Max Message Size(byte):1048560
2025-12-09 15:12:29.4385  Current session idle timeout:8000
2025-12-09 15:12:29.4385  Session-check interval:5000 
2025-12-09 15:12:30.8754  SceneConfigId = 1001 networkTarget = Inner TCPServer Listen 127.0.0.1:11002
2025-12-09 15:12:32.0425  SceneConfigId = 1001 networkTarget = Outer KCPServer Listen 127.0.0.1:20000
2025-12-09 15:12:32.0425  Process:1 Startup Complete SceneCount:1
2025-12-09 15:18:58.7170  

==========================================================================
 
  ███████╗ █████╗ ███╗   ██╗████████╗ █████╗  ██████╗ ██╗   ██╗
  ██╔════╝██╔══██╗████╗  ██║╚══██╔══╝██╔══██╗██╔════╝ ╚██╗ ██╔╝
  █████╗  ███████║██╔██╗ ██║   ██║   ███████║╚█████╗   ╚████╔╝ 
  ██╔══╝  ██╔══██║██║╚██╗██║   ██║   ██╔══██║╚════██║   ╚██╔╝  
  ██║     ██║  ██║██║ ╚████║   ██║   ██║  ██║██████╔╝    ██║   
  ╚═╝     ╚═╝  ╚═╝╚═╝  ╚═══╝   ╚═╝   ╚═╝  ╚═╝╚═════╝     ╚═╝   
                                                            
 Version : Fantasy 2025.2.1408 Official version
==========================================================================

2025-12-09 15:18:58.8606  Current inner network protocol:TCP
2025-12-09 15:18:58.8606  Max Message Size(byte):1048560
2025-12-09 15:18:58.8606  Current session idle timeout:8000
2025-12-09 15:18:58.8606  Session-check interval:5000 
2025-12-09 15:19:00.2090  SceneConfigId = 1001 networkTarget = Inner TCPServer Listen 127.0.0.1:11002
2025-12-09 15:19:00.8319  SceneConfigId = 1001 networkTarget = Outer KCPServer Listen 127.0.0.1:20000
2025-12-09 15:19:00.8319  Process:1 Startup Complete SceneCount:1
