2025-12-09 20:09:33.5598  

==========================================================================
 
  ███████╗ █████╗ ███╗   ██╗████████╗ █████╗  ██████╗ ██╗   ██╗
  ██╔════╝██╔══██╗████╗  ██║╚══██╔══╝██╔══██╗██╔════╝ ╚██╗ ██╔╝
  █████╗  ███████║██╔██╗ ██║   ██║   ███████║╚█████╗   ╚████╔╝ 
  ██╔══╝  ██╔══██║██║╚██╗██║   ██║   ██╔══██║╚════██║   ╚██╔╝  
  ██║     ██║  ██║██║ ╚████║   ██║   ██║  ██║██████╔╝    ██║   
  ╚═╝     ╚═╝  ╚═╝╚═╝  ╚═══╝   ╚═╝   ╚═╝  ╚═╝╚═════╝     ╚═╝   
                                                            
 Version : Fantasy 2025.2.1408 Official version
==========================================================================

2025-12-09 20:09:33.6597  Current inner network protocol:TCP
2025-12-09 20:09:33.6624  Max Message Size(byte):1048560
2025-12-09 20:09:33.6624  Current session idle timeout:8000
2025-12-09 20:09:33.6624  Session-check interval:5000 
2025-12-09 20:09:34.9299  SceneConfigId = 1001 networkTarget = Inner TCPServer Listen 127.0.0.1:11002
2025-12-09 20:09:35.3685  SceneConfigId = 1001 networkTarget = Outer TCPServer Listen 127.0.0.1:20000
2025-12-09 20:09:35.3685  Process:1 Startup Complete SceneCount:1
2025-12-09 20:11:23.2458  

==========================================================================
 
  ███████╗ █████╗ ███╗   ██╗████████╗ █████╗  ██████╗ ██╗   ██╗
  ██╔════╝██╔══██╗████╗  ██║╚══██╔══╝██╔══██╗██╔════╝ ╚██╗ ██╔╝
  █████╗  ███████║██╔██╗ ██║   ██║   ███████║╚█████╗   ╚████╔╝ 
  ██╔══╝  ██╔══██║██║╚██╗██║   ██║   ██╔══██║╚════██║   ╚██╔╝  
  ██║     ██║  ██║██║ ╚████║   ██║   ██║  ██║██████╔╝    ██║   
  ╚═╝     ╚═╝  ╚═╝╚═╝  ╚═══╝   ╚═╝   ╚═╝  ╚═╝╚═════╝     ╚═╝   
                                                            
 Version : Fantasy 2025.2.1408 Official version
==========================================================================

2025-12-09 20:11:23.4552  Current inner network protocol:TCP
2025-12-09 20:11:23.4552  Max Message Size(byte):1048560
2025-12-09 20:11:23.4552  Current session idle timeout:8000
2025-12-09 20:11:23.4552  Session-check interval:5000 
2025-12-09 20:11:25.3635  SceneConfigId = 1001 networkTarget = Inner TCPServer Listen 127.0.0.1:11002
2025-12-09 20:11:25.7709  SceneConfigId = 1001 networkTarget = Outer TCPServer Listen 127.0.0.1:20000
2025-12-09 20:11:25.7709  Process:1 Startup Complete SceneCount:1
2025-12-09 20:15:21.6409  

==========================================================================
 
  ███████╗ █████╗ ███╗   ██╗████████╗ █████╗  ██████╗ ██╗   ██╗
  ██╔════╝██╔══██╗████╗  ██║╚══██╔══╝██╔══██╗██╔════╝ ╚██╗ ██╔╝
  █████╗  ███████║██╔██╗ ██║   ██║   ███████║╚█████╗   ╚████╔╝ 
  ██╔══╝  ██╔══██║██║╚██╗██║   ██║   ██╔══██║╚════██║   ╚██╔╝  
  ██║     ██║  ██║██║ ╚████║   ██║   ██║  ██║██████╔╝    ██║   
  ╚═╝     ╚═╝  ╚═╝╚═╝  ╚═══╝   ╚═╝   ╚═╝  ╚═╝╚═════╝     ╚═╝   
                                                            
 Version : Fantasy 2025.2.1408 Official version
==========================================================================

2025-12-09 20:15:21.9327  Current inner network protocol:TCP
2025-12-09 20:15:21.9327  Max Message Size(byte):1048560
2025-12-09 20:15:21.9327  Current session idle timeout:8000
2025-12-09 20:15:21.9327  Session-check interval:5000 
2025-12-09 20:15:25.5927  SceneConfigId = 1001 networkTarget = Inner TCPServer Listen 127.0.0.1:11002
2025-12-09 20:15:26.2933  SceneConfigId = 1001 networkTarget = Outer TCPServer Listen 127.0.0.1:20000
2025-12-09 20:15:26.2933  Process:1 Startup Complete SceneCount:1
2025-12-09 20:17:19.7457  

==========================================================================
 
  ███████╗ █████╗ ███╗   ██╗████████╗ █████╗  ██████╗ ██╗   ██╗
  ██╔════╝██╔══██╗████╗  ██║╚══██╔══╝██╔══██╗██╔════╝ ╚██╗ ██╔╝
  █████╗  ███████║██╔██╗ ██║   ██║   ███████║╚█████╗   ╚████╔╝ 
  ██╔══╝  ██╔══██║██║╚██╗██║   ██║   ██╔══██║╚════██║   ╚██╔╝  
  ██║     ██║  ██║██║ ╚████║   ██║   ██║  ██║██████╔╝    ██║   
  ╚═╝     ╚═╝  ╚═╝╚═╝  ╚═══╝   ╚═╝   ╚═╝  ╚═╝╚═════╝     ╚═╝   
                                                            
 Version : Fantasy 2025.2.1408 Official version
==========================================================================

2025-12-09 20:17:20.0918  Current inner network protocol:TCP
2025-12-09 20:17:20.0918  Max Message Size(byte):1048560
2025-12-09 20:17:20.0918  Current session idle timeout:8000
2025-12-09 20:17:20.0918  Session-check interval:5000 
2025-12-09 20:17:21.1444  SceneConfigId = 1001 networkTarget = Inner TCPServer Listen 127.0.0.1:11002
2025-12-09 20:17:21.5454  SceneConfigId = 1001 networkTarget = Outer TCPServer Listen 127.0.0.1:20000
2025-12-09 20:17:21.5454  Process:1 Startup Complete SceneCount:1
