2025-12-12 20:46:56.1679  

==========================================================================
 
  ███████╗ █████╗ ███╗   ██╗████████╗ █████╗  ██████╗ ██╗   ██╗
  ██╔════╝██╔══██╗████╗  ██║╚══██╔══╝██╔══██╗██╔════╝ ╚██╗ ██╔╝
  █████╗  ███████║██╔██╗ ██║   ██║   ███████║╚█████╗   ╚████╔╝ 
  ██╔══╝  ██╔══██║██║╚██╗██║   ██║   ██╔══██║╚════██║   ╚██╔╝  
  ██║     ██║  ██║██║ ╚████║   ██║   ██║  ██║██████╔╝    ██║   
  ╚═╝     ╚═╝  ╚═╝╚═╝  ╚═══╝   ╚═╝   ╚═╝  ╚═╝╚═════╝     ╚═╝   
                                                            
 Version : Fantasy 2025.2.1408 Official version
==========================================================================

2025-12-12 20:46:56.3183  Current inner network protocol:TCP
2025-12-12 20:46:56.3183  Max Message Size(byte):1048560
2025-12-12 20:46:56.3183  Current session idle timeout:8000
2025-12-12 20:46:56.3183  Session-check interval:5000 
2025-12-12 20:46:57.8403  SceneConfigId = 1001 networkTarget = Inner TCPServer Listen 127.0.0.1:11002
2025-12-12 20:46:59.2247  SceneConfigId = 1001 networkTarget = Outer TCPServer Listen 127.0.0.1:20000
2025-12-12 20:46:59.2247  Process:1 Startup Complete SceneCount:1
2025-12-12 20:51:10.4545  

==========================================================================
 
  ███████╗ █████╗ ███╗   ██╗████████╗ █████╗  ██████╗ ██╗   ██╗
  ██╔════╝██╔══██╗████╗  ██║╚══██╔══╝██╔══██╗██╔════╝ ╚██╗ ██╔╝
  █████╗  ███████║██╔██╗ ██║   ██║   ███████║╚█████╗   ╚████╔╝ 
  ██╔══╝  ██╔══██║██║╚██╗██║   ██║   ██╔══██║╚════██║   ╚██╔╝  
  ██║     ██║  ██║██║ ╚████║   ██║   ██║  ██║██████╔╝    ██║   
  ╚═╝     ╚═╝  ╚═╝╚═╝  ╚═══╝   ╚═╝   ╚═╝  ╚═╝╚═════╝     ╚═╝   
                                                            
 Version : Fantasy 2025.2.1408 Official version
==========================================================================

2025-12-12 20:51:10.5368  Current inner network protocol:TCP
2025-12-12 20:51:10.5368  Max Message Size(byte):1048560
2025-12-12 20:51:10.5368  Current session idle timeout:8000
2025-12-12 20:51:10.5368  Session-check interval:5000 
2025-12-12 20:51:11.3831  SceneConfigId = 1001 networkTarget = Inner TCPServer Listen 127.0.0.1:11002
2025-12-12 20:51:11.7122  SceneConfigId = 1001 networkTarget = Outer TCPServer Listen 127.0.0.1:20000
2025-12-12 20:51:11.7122  Process:1 Startup Complete SceneCount:1
2025-12-12 20:54:16.4187  

==========================================================================
 
  ███████╗ █████╗ ███╗   ██╗████████╗ █████╗  ██████╗ ██╗   ██╗
  ██╔════╝██╔══██╗████╗  ██║╚══██╔══╝██╔══██╗██╔════╝ ╚██╗ ██╔╝
  █████╗  ███████║██╔██╗ ██║   ██║   ███████║╚█████╗   ╚████╔╝ 
  ██╔══╝  ██╔══██║██║╚██╗██║   ██║   ██╔══██║╚════██║   ╚██╔╝  
  ██║     ██║  ██║██║ ╚████║   ██║   ██║  ██║██████╔╝    ██║   
  ╚═╝     ╚═╝  ╚═╝╚═╝  ╚═══╝   ╚═╝   ╚═╝  ╚═╝╚═════╝     ╚═╝   
                                                            
 Version : Fantasy 2025.2.1408 Official version
==========================================================================

2025-12-12 20:54:16.5524  Current inner network protocol:TCP
2025-12-12 20:54:16.5524  Max Message Size(byte):1048560
2025-12-12 20:54:16.5524  Current session idle timeout:8000
2025-12-12 20:54:16.5524  Session-check interval:5000 
2025-12-12 20:54:17.5891  SceneConfigId = 1001 networkTarget = Inner TCPServer Listen 127.0.0.1:11002
2025-12-12 20:54:17.9279  SceneConfigId = 1001 networkTarget = Outer TCPServer Listen 127.0.0.1:20000
2025-12-12 20:54:17.9279  Process:1 Startup Complete SceneCount:1
