2025-12-10 19:22:49.6874  

==========================================================================
 
  ███████╗ █████╗ ███╗   ██╗████████╗ █████╗  ██████╗ ██╗   ██╗
  ██╔════╝██╔══██╗████╗  ██║╚══██╔══╝██╔══██╗██╔════╝ ╚██╗ ██╔╝
  █████╗  ███████║██╔██╗ ██║   ██║   ███████║╚█████╗   ╚████╔╝ 
  ██╔══╝  ██╔══██║██║╚██╗██║   ██║   ██╔══██║╚════██║   ╚██╔╝  
  ██║     ██║  ██║██║ ╚████║   ██║   ██║  ██║██████╔╝    ██║   
  ╚═╝     ╚═╝  ╚═╝╚═╝  ╚═══╝   ╚═╝   ╚═╝  ╚═╝╚═════╝     ╚═╝   
                                                            
 Version : Fantasy 2025.2.1408 Official version
==========================================================================

2025-12-10 19:22:49.9754  Current inner network protocol:TCP
2025-12-10 19:22:49.9754  Max Message Size(byte):1048560
2025-12-10 19:22:49.9754  Current session idle timeout:8000
2025-12-10 19:22:49.9754  Session-check interval:5000 
2025-12-10 19:22:51.5047  SceneConfigId = 1001 networkTarget = Inner TCPServer Listen 127.0.0.1:11002
2025-12-10 19:22:51.9676  SceneConfigId = 1001 networkTarget = Outer TCPServer Listen 127.0.0.1:20000
2025-12-10 19:22:51.9676  Process:1 Startup Complete SceneCount:1
2025-12-10 19:26:22.7711  

==========================================================================
 
  ███████╗ █████╗ ███╗   ██╗████████╗ █████╗  ██████╗ ██╗   ██╗
  ██╔════╝██╔══██╗████╗  ██║╚══██╔══╝██╔══██╗██╔════╝ ╚██╗ ██╔╝
  █████╗  ███████║██╔██╗ ██║   ██║   ███████║╚█████╗   ╚████╔╝ 
  ██╔══╝  ██╔══██║██║╚██╗██║   ██║   ██╔══██║╚════██║   ╚██╔╝  
  ██║     ██║  ██║██║ ╚████║   ██║   ██║  ██║██████╔╝    ██║   
  ╚═╝     ╚═╝  ╚═╝╚═╝  ╚═══╝   ╚═╝   ╚═╝  ╚═╝╚═════╝     ╚═╝   
                                                            
 Version : Fantasy 2025.2.1408 Official version
==========================================================================

2025-12-10 19:26:22.9095  Current inner network protocol:TCP
2025-12-10 19:26:22.9095  Max Message Size(byte):1048560
2025-12-10 19:26:22.9095  Current session idle timeout:8000
2025-12-10 19:26:22.9095  Session-check interval:5000 
2025-12-10 19:26:24.5795  SceneConfigId = 1001 networkTarget = Inner TCPServer Listen 127.0.0.1:11002
2025-12-10 19:26:25.0637  SceneConfigId = 1001 networkTarget = Outer TCPServer Listen 127.0.0.1:20000
2025-12-10 19:26:25.0637  Process:1 Startup Complete SceneCount:1
